\BOOKMARK [1][-]{section.1}{Introduction}{}% 1
\BOOKMARK [1][-]{section.2}{Existing metrics}{}% 2
\BOOKMARK [2][-]{subsection.2.1}{Indoor}{section.2}% 3
\BOOKMARK [3][-]{subsubsection.2.1.1}{Operative temperature}{subsection.2.1}% 4
\BOOKMARK [3][-]{subsubsection.2.1.2}{Predicted Mean Vote}{subsection.2.1}% 5
\BOOKMARK [3][-]{subsubsection.2.1.3}{The adaptive comfort model}{subsection.2.1}% 6
\BOOKMARK [2][-]{subsection.2.2}{Outdoor}{section.2}% 7
\BOOKMARK [3][-]{subsubsection.2.2.1}{Non-measurable metrics}{subsection.2.2}% 8
\BOOKMARK [3][-]{subsubsection.2.2.2}{Measurable metrics}{subsection.2.2}% 9
\BOOKMARK [1][-]{section.3}{Common Simplifications and Assumptions found in the equivalence of thermal comfort}{}% 10
\BOOKMARK [2][-]{subsection.3.1}{Occupant-related Simplifications}{section.3}% 11
\BOOKMARK [3][-]{subsubsection.3.1.1}{Outputs from the occupants}{subsection.3.1}% 12
\BOOKMARK [3][-]{subsubsection.3.1.2}{Inputs for individual occupants that haven't been modelled and or guaged}{subsection.3.1}% 13
\BOOKMARK [2][-]{subsection.3.2}{Environmental Parameters Simplifications}{section.3}% 14
\BOOKMARK [3][-]{subsubsection.3.2.1}{Mean Radiant Temperature}{subsection.3.2}% 15
\BOOKMARK [3][-]{subsubsection.3.2.2}{One MRT in one room}{subsection.3.2}% 16
\BOOKMARK [3][-]{subsubsection.3.2.3}{Air == MRT}{subsection.3.2}% 17
\BOOKMARK [3][-]{subsubsection.3.2.4}{Simplified RH}{subsection.3.2}% 18
\BOOKMARK [2][-]{subsection.3.3}{Other sensed data}{section.3}% 19
\BOOKMARK [1][-]{section.4}{Latest Efforts in addressing the absence of occupant in OCC}{}% 20
\BOOKMARK [2][-]{subsection.4.1}{Objective measurement}{section.4}% 21
\BOOKMARK [3][-]{subsubsection.4.1.1}{Direct physiological parameters from wearable sensors}{subsection.4.1}% 22
\BOOKMARK [3][-]{subsubsection.4.1.2}{Thermal Imagery and other direct measurement techniques}{subsection.4.1}% 23
\BOOKMARK [2][-]{subsection.4.2}{Subjective feedback}{section.4}% 24
\BOOKMARK [2][-]{subsection.4.3}{Occupant-centric building control}{section.4}% 25
\BOOKMARK [2][-]{subsection.4.4}{Personalized thermal comfort model}{section.4}% 26
\BOOKMARK [2][-]{subsection.4.5}{Direct physiological feedback}{section.4}% 27
\BOOKMARK [1][-]{section.5}{Conclusion}{}% 28
